This is XeTeX, Version 3.14159265-2.6-0.99996 (TeX Live 2016) (preloaded format=xelatex 2018.11.11)  28 JAN 2020 00:24
entering extended mode
 restricted \write18 enabled.
 %&-line parsing enabled.
**title_FA.tex
(./title_FA.tex
LaTeX2e <2016/03/31>
Babel <3.9r> and hyphenation patterns for 83 language(s) loaded.

! LaTeX Error: Environment titlepage undefined.

See the LaTeX manual or LaTeX Companion for explanation.
Type  H <return>  for immediate help.
 ...                                              
                                                  
l.1 \begin{titlepage}
                     
Your command was ignored.
Type  I <command> <return>  to replace it with another command,
or  <return>  to continue without it.


! LaTeX Error: Missing \begin{document}.

See the LaTeX manual or LaTeX Companion for explanation.
Type  H <return>  for immediate help.
 ...                                              
                                                  
l.3 \begin{center}
                  
You're in trouble here.  Try typing  <return>  to proceed.
If that doesn't work, type  X <return>  to quit.


Overfull \hbox (20.0pt too wide) in paragraph at lines 3--3
[] 
 []

! Undefined control sequence.
l.4 \includegraphics
                    [width=4cm]{sharif.png}
The control sequence at the end of the top line
of your error message was never \def'ed. If you have
misspelled it (e.g., `\hobx'), type `I' and the correct
spelling (e.g., `I\hbox'). Otherwise just continue,
and I'll forget about whatever was undefined.

Missing character: There is no [ in font nullfont!
Missing character: There is no w in font nullfont!
Missing character: There is no i in font nullfont!
Missing character: There is no d in font nullfont!
Missing character: There is no t in font nullfont!
Missing character: There is no h in font nullfont!
Missing character: There is no = in font nullfont!
Missing character: There is no 4 in font nullfont!
Missing character: There is no c in font nullfont!
Missing character: There is no m in font nullfont!
Missing character: There is no ] in font nullfont!
Missing character: There is no s in font nullfont!
Missing character: There is no h in font nullfont!
Missing character: There is no a in font nullfont!
Missing character: There is no r in font nullfont!
Missing character: There is no i in font nullfont!
Missing character: There is no f in font nullfont!
Missing character: There is no . in font nullfont!
Missing character: There is no p in font nullfont!
Missing character: There is no n in font nullfont!
Missing character: There is no g in font nullfont!
! Undefined control sequence.
l.6  \large
           
The control sequence at the end of the top line
of your error message was never \def'ed. If you have
misspelled it (e.g., `\hobx'), type `I' and the correct
spelling (e.g., `I\hbox'). Otherwise just continue,
and I'll forget about whatever was undefined.

Missing character: There is no د in font nullfont!
Missing character: There is no ا in font nullfont!
Missing character: There is no ن in font nullfont!
Missing character: There is no ش in font nullfont!
Missing character: There is no گ in font nullfont!
Missing character: There is no ا in font nullfont!
Missing character: There is no ه in font nullfont!
Missing character: There is no ص in font nullfont!
Missing character: There is no ن in font nullfont!
Missing character: There is no ع in font nullfont!
Missing character: There is no ت in font nullfont!
Missing character: There is no ی in font nullfont!
Missing character: There is no ش in font nullfont!
Missing character: There is no ر in font nullfont!
Missing character: There is no ی in font nullfont!
Missing character: There is no ف in font nullfont!
Missing character: There is no د in font nullfont!
Missing character: There is no ا in font nullfont!
Missing character: There is no ن in font nullfont!
Missing character: There is no ش in font nullfont!
Missing character: There is no ک in font nullfont!
Missing character: There is no د in font nullfont!
Missing character: There is no ه in font nullfont!
Missing character: There is no ‌ in font nullfont!
Missing character: There is no ی in font nullfont!
Missing character: There is no م in font nullfont!
Missing character: There is no ه in font nullfont!
Missing character: There is no ن in font nullfont!
Missing character: There is no د in font nullfont!
Missing character: There is no س in font nullfont!
Missing character: There is no ی in font nullfont!
Missing character: There is no ب in font nullfont!
Missing character: There is no ر in font nullfont!
Missing character: There is no ق in font nullfont!
! Undefined control sequence.
l.13 \large
           
The control sequence at the end of the top line
of your error message was never \def'ed. If you have
misspelled it (e.g., `\hobx'), type `I' and the correct
spelling (e.g., `I\hbox'). Otherwise just continue,
and I'll forget about whatever was undefined.

Missing character: There is no گ in font cmbx10!
Missing character: There is no ز in font cmbx10!
Missing character: There is no ا in font cmbx10!
Missing character: There is no ر in font cmbx10!
Missing character: There is no ش in font cmbx10!
Missing character: There is no پ in font cmbx10!
Missing character: There is no ر in font cmbx10!
Missing character: There is no و in font cmbx10!
Missing character: There is no ژ in font cmbx10!
Missing character: There is no ه in font cmbx10!
Missing character: There is no ‌ in font cmbx10!
Missing character: There is no ‌ in font cmbx10!
Missing character: There is no ی in font cmbx10!
Missing character: There is no د in font cmbx10!
Missing character: There is no ر in font cmbx10!
Missing character: There is no س in font cmbx10!
Missing character: There is no ت in font cmbx10!
Missing character: There is no ئ in font cmbx10!
Missing character: There is no و in font cmbx10!
Missing character: There is no ر in font cmbx10!
Missing character: There is no ی in font cmbx10!
Missing character: There is no ی in font cmbx10!
Missing character: There is no ا in font cmbx10!
Missing character: There is no د in font cmbx10!
Missing character: There is no گ in font cmbx10!
Missing character: There is no ی in font cmbx10!
Missing character: There is no ر in font cmbx10!
Missing character: There is no ی in font cmbx10!
Missing character: There is no م in font cmbx10!
Missing character: There is no ا in font cmbx10!
Missing character: There is no ش in font cmbx10!
Missing character: There is no ی in font cmbx10!
Missing character: There is no ن in font cmbx10!
! Undefined control sequence.
l.19 \Huge
          
The control sequence at the end of the top line
of your error message was never \def'ed. If you have
misspelled it (e.g., `\hobx'), type `I' and the correct
spelling (e.g., `I\hbox'). Otherwise just continue,
and I'll forget about whatever was undefined.

Missing character: There is no ح in font cmbx10!
Missing character: There is no ل in font cmbx10!
Missing character: There is no م in font cmbx10!
Missing character: There is no س in font cmbx10!
Missing character: There is no ئ in font cmbx10!
Missing character: There is no ل in font cmbx10!
Missing character: There is no ه in font cmbx10!
Missing character: There is no ‌ in font cmbx10!
Missing character: There is no ‌ in font cmbx10!
Missing character: There is no ی in font cmbx10!
Missing character: There is no ک in font cmbx10!
Missing character: There is no ا in font cmbx10!
Missing character: There is no ه in font cmbx10!
Missing character: There is no ش in font cmbx10!
Missing character: There is no ‌ in font cmbx10!
Missing character: There is no ب in font cmbx10!
Missing character: There is no ُ in font cmbx10!
Missing character: There is no ع in font cmbx10!
Missing character: There is no د in font cmbx10!
Missing character: There is no غ in font cmbx10!
Missing character: There is no ی in font cmbx10!
Missing character: There is no ر in font cmbx10!
Missing character: There is no خ in font cmbx10!
Missing character: There is no ط in font cmbx10!
Missing character: There is no ی in font cmbx10!
Missing character: There is no ت in font cmbx10!
Missing character: There is no ف in font cmbx10!
Missing character: There is no س in font cmbx10!
Missing character: There is no ی in font cmbx10!
Missing character: There is no ر in font cmbx10!
Missing character: There is no ‌ in font cmbx10!
Missing character: There is no پ in font cmbx10!
Missing character: There is no ذ in font cmbx10!
Missing character: There is no ی in font cmbx10!
Missing character: There is no ر in font cmbx10!
! Undefined control sequence.
l.23 \Large
           
The control sequence at the end of the top line
of your error message was never \def'ed. If you have
misspelled it (e.g., `\hobx'), type `I' and the correct
spelling (e.g., `I\hbox'). Otherwise just continue,
and I'll forget about whatever was undefined.

Missing character: There is no م in font cmbx10!
Missing character: There is no ح in font cmbx10!
Missing character: There is no م in font cmbx10!
Missing character: There is no ّ in font cmbx10!
Missing character: There is no د in font cmbx10!
Missing character: There is no ر in font cmbx10!
Missing character: There is no ض in font cmbx10!
Missing character: There is no ا in font cmbx10!
Missing character: There is no ر in font cmbx10!
Missing character: There is no ح in font cmbx10!
Missing character: There is no م in font cmbx10!
Missing character: There is no ا in font cmbx10!
Missing character: There is no ن in font cmbx10!
Missing character: There is no ی in font cmbx10!
Missing character: There is no ب in font cmbx10!
Missing character: There is no ه in font cmbx10!
Missing character: There is no ر in font cmbx10!
Missing character: There is no ا in font cmbx10!
Missing character: There is no د in font cmbx10!
Missing character: There is no م in font cmbx10!
Missing character: There is no ن in font cmbx10!
Missing character: There is no ی in font cmbx10!
Missing character: There is no ر in font cmbx10!
Missing character: There is no ی in font cmbx10!
Missing character: There is no ا in font nullfont!
Missing character: There is no س in font nullfont!
Missing character: There is no ت in font nullfont!
Missing character: There is no ا in font nullfont!
Missing character: There is no د in font nullfont!
Missing character: There is no د in font cmbx10!
Missing character: There is no ک in font cmbx10!
Missing character: There is no ت in font cmbx10!
Missing character: There is no ر in font cmbx10!
Missing character: There is no م in font cmbx10!
Missing character: There is no ح in font cmbx10!
Missing character: There is no م in font cmbx10!
Missing character: There is no ّ in font cmbx10!
Missing character: There is no د in font cmbx10!
Missing character: There is no ع in font cmbx10!
Missing character: There is no ل in font cmbx10!
Missing character: There is no ی in font cmbx10!
Missing character: There is no م in font cmbx10!
Missing character: There is no د in font cmbx10!
Missing character: There is no ّ in font cmbx10!
Missing character: There is no ا in font cmbx10!
Missing character: There is no ح in font cmbx10!
Missing character: There is no ‌ in font cmbx10!
Missing character: There is no ع in font cmbx10!
Missing character: There is no ل in font cmbx10!
Missing character: There is no ی in font cmbx10!
! Undefined control sequence.
l.35 \Large
           
The control sequence at the end of the top line
of your error message was never \def'ed. If you have
misspelled it (e.g., `\hobx'), type `I' and the correct
spelling (e.g., `I\hbox'). Otherwise just continue,
and I'll forget about whatever was undefined.

Missing character: There is no ز in font nullfont!
Missing character: There is no م in font nullfont!
Missing character: There is no س in font nullfont!
Missing character: There is no ت in font nullfont!
Missing character: There is no ا in font nullfont!
Missing character: There is no ن in font nullfont!
Missing character: There is no ۱ in font nullfont!
Missing character: There is no ۳ in font nullfont!
Missing character: There is no ۹ in font nullfont!
Missing character: There is no ۸ in font nullfont!

! LaTeX Error: \begin{document} ended by \end{titlepage}.

See the LaTeX manual or LaTeX Companion for explanation.
Type  H <return>  for immediate help.
 ...                                              
                                                  
l.38 \end{titlepage}
                    
Your command was ignored.
Type  I <command> <return>  to replace it with another command,
or  <return>  to continue without it.

)
! Emergency stop.
<*> title_FA.tex
                
*** (job aborted, no legal \end found)

 
Here is how much of TeX's memory you used:
 9 strings out of 493591
 92 string characters out of 6143545
 53754 words of memory out of 5000000
 3517 multiletter control sequences out of 15000+600000
 3948 words of font info for 15 fonts, out of 8000000 for 9000
 1347 hyphenation exceptions out of 8191
 13i,1n,10p,81b,128s stack positions out of 5000i,500n,10000p,200000b,80000s
No pages of output.
